2015-07-25 01:34:49.673 [error] <0.200.0> gen_server e_alto_sup terminated with reason: no match of right hand value {error,enoent} in costmapservices:load_costmap/1 line 57
2015-07-25 01:34:49.673 [error] <0.200.0> CRASH REPORT Process e_alto_sup with 0 neighbours exited with reason: no match of right hand value {error,enoent} in costmapservices:load_costmap/1 line 57 in gen_server:terminate/6 line 744
2015-07-25 01:40:39.346 [error] <0.200.0> gen_server e_alto_sup terminated with reason: no function clause matching e_alto_backend:get_item(undefined, undefined) line 180
2015-07-25 01:40:39.347 [error] <0.200.0> CRASH REPORT Process e_alto_sup with 0 neighbours exited with reason: no function clause matching e_alto_backend:get_item(undefined, undefined) line 180 in gen_server:terminate/6 line 744
2015-07-25 01:45:47.734 [error] <0.200.0> gen_server e_alto_sup terminated with reason: no match of right hand value {error,{already_started,<0.97.0>}} in e_alto:start/2 line 67
2015-07-25 01:45:47.735 [error] <0.200.0> CRASH REPORT Process e_alto_sup with 0 neighbours exited with reason: no match of right hand value {error,{already_started,<0.97.0>}} in e_alto:start/2 line 67 in gen_server:terminate/6 line 744
2015-07-25 01:56:35.426 [error] <0.200.0> gen_server e_alto_sup terminated with reason: no match of right hand value {error,422,"422-5 An unknown Cost Mode was referenced in the document"} in costmapservices:load_costmap/1 line 60
2015-07-25 01:56:35.426 [error] <0.200.0> CRASH REPORT Process e_alto_sup with 0 neighbours exited with reason: no match of right hand value {error,422,"422-5 An unknown Cost Mode was referenced in the document"} in costmapservices:load_costmap/1 line 60 in gen_server:terminate/6 line 744
2015-07-25 02:02:32.476 [error] <0.200.0> gen_server e_alto_sup terminated with reason: no match of right hand value {error,422,[52,50,50,45,53,32,65,110,32,117,110,107,110,111,119,110,32,67,111,115,116,32,77,111,100,101,32,111,102,32,116,121,112,101,32,[60,60,"\"numerical\"",62,62],32,119,97,115,32,114,101,102,101,114,101,110,99,101,100,32,105,110,32,116,104,101,32,100,111,99,117,109,101,110,116]} in costmapservices:load_costmap/1 line 60
2015-07-25 02:02:32.476 [error] <0.200.0> CRASH REPORT Process e_alto_sup with 0 neighbours exited with reason: no match of right hand value {error,422,[52,50,50,45,53,32,65,110,32,117,110,107,110,111,119,110,32,67,111,115,116,32,77,111,100,101,32,111,102,32,116,121,112,101,32,[60,60,"\"numerical\"",62,62],32,119,97,115,32,114,101,102,101,114,101,110,99,101,100,32,105,110,32,116,104,101,32,100,111,99,117,109,101,110,116]} in costmapservices:load_costmap/1 line 60 in gen_server:terminate/6 line 744
2015-07-25 02:05:12.260 [error] <0.200.0> gen_server e_alto_sup terminated with reason: call to undefined function mapservices:load_default/0 from erl_eval:do_apply/6 line 573
2015-07-25 02:05:12.260 [error] <0.200.0> CRASH REPORT Process e_alto_sup with 0 neighbours exited with reason: call to undefined function mapservices:load_default() in gen_server:terminate/6 line 744
2015-07-25 02:07:18.544 [error] <0.200.0> gen_server e_alto_sup terminated with reason: no match of right hand value {error,422,"422-5 An unknown Cost Mode was referenced in the document"} in costmapservices:load_costmap/1 line 60
2015-07-25 02:07:18.544 [error] <0.200.0> CRASH REPORT Process e_alto_sup with 0 neighbours exited with reason: no match of right hand value {error,422,"422-5 An unknown Cost Mode was referenced in the document"} in costmapservices:load_costmap/1 line 60 in gen_server:terminate/6 line 744
2015-07-25 02:09:34.196 [error] <0.200.0> gen_server e_alto_sup terminated with reason: no function clause matching costmapservices:validate_costmap_rows({struct,[{<<"default">>,{struct,[{<<"default">>,1.0},{<<"mine">>,75.0},{<<"mine1">>,75.0},{<<"mi...">>,...},...]}},...]}, numerical, [<<"private">>,<<"linklocal">>,<<"loopback">>,<<"default">>,<<"tran2">>,<<"tran1">>,<<"peer2">>,...], []) line 297
2015-07-25 02:09:34.197 [error] <0.200.0> CRASH REPORT Process e_alto_sup with 0 neighbours exited with reason: no function clause matching costmapservices:validate_costmap_rows({struct,[{<<"default">>,{struct,[{<<"default">>,1.0},{<<"mine">>,75.0},{<<"mine1">>,75.0},{<<"mi...">>,...},...]}},...]}, numerical, [<<"private">>,<<"linklocal">>,<<"loopback">>,<<"default">>,<<"tran2">>,<<"tran1">>,<<"peer2">>,...], []) line 297 in gen_server:terminate/6 line 744
2015-07-25 02:12:09.444 [error] <0.200.0> gen_server e_alto_sup terminated with reason: no function clause matching costmapservices:validate_cost_values({struct,[{<<"default">>,1.0},{<<"mine">>,75.0},{<<"mine1">>,75.0},{<<"mine1a">>,75.0},{<<"mine2">>,...},...]}, <<"default">>, numerical, [<<"private">>,<<"linklocal">>,<<"loopback">>,<<"default">>,<<"tran2">>,<<"tran1">>,<<"peer2">>,...], []) line 317
2015-07-25 02:12:09.445 [error] <0.200.0> CRASH REPORT Process e_alto_sup with 0 neighbours exited with reason: no function clause matching costmapservices:validate_cost_values({struct,[{<<"default">>,1.0},{<<"mine">>,75.0},{<<"mine1">>,75.0},{<<"mine1a">>,75.0},{<<"mine2">>,...},...]}, <<"default">>, numerical, [<<"private">>,<<"linklocal">>,<<"loopback">>,<<"default">>,<<"tran2">>,<<"tran1">>,<<"peer2">>,...], []) line 317 in gen_server:terminate/6 line 744
2015-07-25 02:27:55.625 [error] <0.200.0> gen_server e_alto_sup terminated with reason: bad argument in call to erlang:binary_to_list(1.0) in metrics:bin_to_num/1 line 39
2015-07-25 02:27:55.625 [error] <0.200.0> CRASH REPORT Process e_alto_sup with 0 neighbours exited with reason: bad argument in call to erlang:binary_to_list(1.0) in metrics:bin_to_num/1 line 39
2015-07-25 02:32:16.918 [error] <0.200.0> gen_server e_alto_sup terminated with reason: no case clause matching 0 in costmapservices:validate_semantics/1 line 284
2015-07-25 02:32:16.918 [error] <0.200.0> CRASH REPORT Process e_alto_sup with 0 neighbours exited with reason: no case clause matching 0 in costmapservices:validate_semantics/1 line 284 in gen_server:terminate/6 line 744
2015-07-25 02:35:40.060 [error] <0.200.0> gen_server e_alto_sup terminated with reason: no function clause matching e_alto_backend:store(<<"numericalroutingcost">>, undefined, {map,{struct,[{<<"meta">>,{struct,[{<<"dependent-vtags">>,[{struct,[{<<"resource-id">>,<<"my-d...">>},...]}]},...]}},...]},...}) line 229
2015-07-25 02:35:40.061 [error] <0.200.0> CRASH REPORT Process e_alto_sup with 0 neighbours exited with reason: no function clause matching e_alto_backend:store(<<"numericalroutingcost">>, undefined, {map,{struct,[{<<"meta">>,{struct,[{<<"dependent-vtags">>,[{struct,[{<<"resource-id">>,<<"my-d...">>},...]}]},...]}},...]},...}) line 229 in gen_server:terminate/6 line 744
2015-07-25 02:39:41.832 [error] <0.200.0> gen_server e_alto_sup terminated with reason: no function clause matching e_alto_backend:store(<<"numericalroutingcost">>, undefined, {map,{struct,[{<<"meta">>,{struct,[{<<"dependent-vtags">>,[{struct,[{<<"resource-id">>,<<"my-d...">>},...]}]},...]}},...]},...}) line 229
2015-07-25 02:39:41.832 [error] <0.200.0> CRASH REPORT Process e_alto_sup with 0 neighbours exited with reason: no function clause matching e_alto_backend:store(<<"numericalroutingcost">>, undefined, {map,{struct,[{<<"meta">>,{struct,[{<<"dependent-vtags">>,[{struct,[{<<"resource-id">>,<<"my-d...">>},...]}]},...]}},...]},...}) line 229 in gen_server:terminate/6 line 744
2015-07-25 02:41:43.017 [error] <0.200.0> gen_server e_alto_sup terminated with reason: no function clause matching e_alto_backend:store(<<"numericalroutingcost">>, undefined, {map,{struct,[{<<"meta">>,{struct,[{<<"dependent-vtags">>,[{struct,[{<<"resource-id">>,<<"my-d...">>},...]}]},...]}},...]},...}) line 229
2015-07-25 02:41:43.017 [error] <0.200.0> CRASH REPORT Process e_alto_sup with 0 neighbours exited with reason: no function clause matching e_alto_backend:store(<<"numericalroutingcost">>, undefined, {map,{struct,[{<<"meta">>,{struct,[{<<"dependent-vtags">>,[{struct,[{<<"resource-id">>,<<"my-d...">>},...]}]},...]}},...]},...}) line 229 in gen_server:terminate/6 line 744
2015-07-25 14:34:12.006 [error] <0.200.0> gen_server e_alto_sup terminated with reason: no function clause matching e_alto_backend:store(<<"numericalroutingcost">>, undefined, {map,{struct,[{<<"meta">>,{struct,[{<<"dependent-vtags">>,[{struct,[{<<"resource-id">>,<<"my-d...">>},...]}]},...]}},...]},...}) line 229
2015-07-25 14:34:12.007 [error] <0.200.0> CRASH REPORT Process e_alto_sup with 0 neighbours exited with reason: no function clause matching e_alto_backend:store(<<"numericalroutingcost">>, undefined, {map,{struct,[{<<"meta">>,{struct,[{<<"dependent-vtags">>,[{struct,[{<<"resource-id">>,<<"my-d...">>},...]}]},...]}},...]},...}) line 229 in gen_server:terminate/6 line 744
2015-07-25 14:44:37.647 [error] <0.200.0> gen_server e_alto_sup terminated with reason: bad argument in call to erlang:'++'(<<"routingcost">>, "\"") in costmapservices:generate_metainfo/6 line 75
2015-07-25 14:44:37.648 [error] <0.200.0> CRASH REPORT Process e_alto_sup with 0 neighbours exited with reason: bad argument in call to erlang:'++'(<<"routingcost">>, "\"") in costmapservices:generate_metainfo/6 line 75
2015-07-25 14:56:02.673 [error] <0.200.0> gen_server e_alto_sup terminated with reason: bad argument in call to erlang:tl(undefined) in inets_regexp:first_match/3 line 80
2015-07-25 14:56:02.673 [error] <0.200.0> CRASH REPORT Process e_alto_sup with 0 neighbours exited with reason: bad argument in call to erlang:tl(undefined) in inets_regexp:first_match/3 line 80
2015-07-25 14:59:31.526 [error] <0.200.0> gen_server e_alto_sup terminated with reason: bad argument in call to erlang:tl(undefined) in inets_regexp:first_match/3 line 80
2015-07-25 14:59:31.527 [error] <0.200.0> CRASH REPORT Process e_alto_sup with 0 neighbours exited with reason: bad argument in call to erlang:tl(undefined) in inets_regexp:first_match/3 line 80
2015-07-25 15:01:09.422 [error] <0.200.0> gen_server e_alto_sup terminated with reason: bad argument in call to erlang:tl(undefined) in inets_regexp:first_match/3 line 80
2015-07-25 15:01:09.422 [error] <0.200.0> CRASH REPORT Process e_alto_sup with 0 neighbours exited with reason: bad argument in call to erlang:tl(undefined) in inets_regexp:first_match/3 line 80
2015-07-25 15:02:43.895 [error] <0.202.0> gen_server e_alto_sup terminated with reason: bad argument in call to erlang:tl(undefined) in inets_regexp:first_match/3 line 80
2015-07-25 15:02:43.895 [error] <0.202.0> CRASH REPORT Process e_alto_sup with 0 neighbours exited with reason: bad argument in call to erlang:tl(undefined) in inets_regexp:first_match/3 line 80
2015-07-25 15:19:45.963 [error] <0.200.0> gen_server e_alto_sup terminated with reason: no match of right hand value {colon,{decoder,null,25,1,26,trim}} in mochijson2:json_decode/2 line 340
2015-07-25 15:19:45.963 [error] <0.200.0> CRASH REPORT Process e_alto_sup with 0 neighbours exited with reason: no match of right hand value {colon,{decoder,null,25,1,26,trim}} in mochijson2:json_decode/2 line 340 in gen_server:terminate/6 line 744
2015-07-25 15:21:32.582 [error] <0.200.0> gen_server e_alto_sup terminated with reason: no case clause matching <<"{\"numerical-routingcost\" : {\n\t\t\"uri\"http://localhostcostmaps/1\",\n\t\t\"media-type\" : \"application/alto-costmap+json\",\n\t\t\"capabilities\" : {\n\t\t\t\"cost-type-names\" : [ \"numerical-routingcost\" ]\n\t\t},\n\t\t\"uses\": [ \"my-default-network-map\" ] } ">> in mochijson2:tokenize/2 line 565
2015-07-25 15:21:32.582 [error] <0.200.0> CRASH REPORT Process e_alto_sup with 0 neighbours exited with reason: no case clause matching <<"{\"numerical-routingcost\" : {\n\t\t\"uri\"http://localhostcostmaps/1\",\n\t\t\"media-type\" : \"application/alto-costmap+json\",\n\t\t\"capabilities\" : {\n\t\t\t\"cost-type-names\" : [ \"numerical-routingcost\" ]\n\t\t},\n\t\t\"uses\": [ \"my-default-network-map\" ] } ">> in mochijson2:tokenize/2 line 565 in gen_server:terminate/6 line 744
2015-07-25 15:24:24.352 [error] <0.200.0> gen_server e_alto_sup terminated with reason: no case clause matching <<"{\"numerical-routingcost\" : {\n\t\t\"uri\"http://localhostcostmaps/1\",\n\t\t\"media-type\" : \"application/alto-costmap+json\",\n\t\t\"capabilities\" : {\n\t\t\t\"cost-type-names\" : [ \"numerical-routingcost\" ]\n\t\t},\n\t\t\"uses\": [ \"my-default-network-map\" ] } ">> in mochijson2:tokenize/2 line 565
2015-07-25 15:24:24.352 [error] <0.200.0> CRASH REPORT Process e_alto_sup with 0 neighbours exited with reason: no case clause matching <<"{\"numerical-routingcost\" : {\n\t\t\"uri\"http://localhostcostmaps/1\",\n\t\t\"media-type\" : \"application/alto-costmap+json\",\n\t\t\"capabilities\" : {\n\t\t\t\"cost-type-names\" : [ \"numerical-routingcost\" ]\n\t\t},\n\t\t\"uses\": [ \"my-default-network-map\" ] } ">> in mochijson2:tokenize/2 line 565 in gen_server:terminate/6 line 744
2015-07-25 15:27:36.874 [error] <0.200.0> gen_server e_alto_sup terminated with reason: no match of right hand value comma in mochijson2:tokenize/2 line 592
2015-07-25 15:27:36.875 [error] <0.200.0> CRASH REPORT Process e_alto_sup with 0 neighbours exited with reason: no match of right hand value comma in mochijson2:tokenize/2 line 592 in gen_server:terminate/6 line 744
2015-07-25 15:32:01.792 [error] <0.200.0> gen_server e_alto_sup terminated with reason: bad argument in call to erlang:'++'(<<"c">>, "\",\n\t\t\"media-type\" : \"application/alto-costmap+json\",\n\t\t\"capabilities\" : {\n\t\t\t\"cost-type-names\" ...") in costmapservices:generate_resourceinfo/3 line 87
2015-07-25 15:32:01.792 [error] <0.200.0> CRASH REPORT Process e_alto_sup with 0 neighbours exited with reason: bad argument in call to erlang:'++'(<<"c">>, "\",\n\t\t\"media-type\" : \"application/alto-costmap+json\",\n\t\t\"capabilities\" : {\n\t\t\t\"cost-type-names\" ...") in costmapservices:generate_resourceinfo/3 line 87
2015-07-25 15:35:56.087 [error] <0.200.0> gen_server e_alto_sup terminated with reason: bad argument in call to erlang:binary_to_list("costmaps/1") in costmapservices:generate_resourceinfo/3 line 87
2015-07-25 15:35:56.087 [error] <0.200.0> CRASH REPORT Process e_alto_sup with 0 neighbours exited with reason: bad argument in call to erlang:binary_to_list("costmaps/1") in costmapservices:generate_resourceinfo/3 line 87
2015-07-25 15:37:47.348 [error] <0.200.0> gen_server e_alto_sup terminated with reason: no match of right hand value comma in mochijson2:tokenize/2 line 592
2015-07-25 15:37:47.348 [error] <0.200.0> CRASH REPORT Process e_alto_sup with 0 neighbours exited with reason: no match of right hand value comma in mochijson2:tokenize/2 line 592 in gen_server:terminate/6 line 744
2015-07-25 15:40:18.288 [error] <0.200.0> gen_server e_alto_sup terminated with reason: no match of right hand value comma in mochijson2:tokenize/2 line 592
2015-07-25 15:40:18.288 [error] <0.200.0> CRASH REPORT Process e_alto_sup with 0 neighbours exited with reason: no match of right hand value comma in mochijson2:tokenize/2 line 592 in gen_server:terminate/6 line 744
2015-07-25 15:45:32.897 [error] <0.200.0> gen_server e_alto_sup terminated with reason: {'module could not be loaded',[{mochjson2,decode,["{{ \"numerical-routingcost\" : {\n\t\t\"cost-mode\":\"numerical\"\n\t\t\"cost-metric\"routingcost\"} } }"],[]},{costmapservices,store_costmap,2,[{file,"src/core/costmapservices.erl"},{line,127}]},{costmapservices,load_costmap,1,[{file,"src/core/costmapservices.erl"},{line,61}]},{lists,foreach,2,[{file,"lists.erl"},{line,1323}]},{erl_eval,do_apply,6,[{file,"erl_eval.erl"},{line,573}]},{shell,exprs,7,[{file,"shell.erl"},{line,674}]},{shell,eval_exprs,...},...]}
2015-07-25 15:45:32.897 [error] <0.200.0> CRASH REPORT Process e_alto_sup with 0 neighbours exited with reason: call to undefined function mochjson2:decode("{{ \"numerical-routingcost\" : {\n\t\t\"cost-mode\":\"numerical\"\n\t\t\"cost-metric\"routingcost\"} } }") in gen_server:terminate/6 line 744
2015-07-25 15:47:01.773 [error] <0.200.0> gen_server e_alto_sup terminated with reason: no case clause matching {start_object,{decoder,null,2,1,3,key}} in mochijson2:decode_object/3 line 366
2015-07-25 15:47:01.774 [error] <0.200.0> CRASH REPORT Process e_alto_sup with 0 neighbours exited with reason: no case clause matching {start_object,{decoder,null,2,1,3,key}} in mochijson2:decode_object/3 line 366 in gen_server:terminate/6 line 744
2015-07-25 15:50:30.150 [error] <0.200.0> gen_server e_alto_sup terminated with reason: bad argument in call to erlang:tl(undefined) in inets_regexp:first_match/3 line 80
2015-07-25 15:50:30.150 [error] <0.200.0> CRASH REPORT Process e_alto_sup with 0 neighbours exited with reason: bad argument in call to erlang:tl(undefined) in inets_regexp:first_match/3 line 80
2015-07-25 15:54:07.656 [error] <0.200.0> gen_server e_alto_sup terminated with reason: bad argument in call to erlang:tl(undefined) in inets_regexp:first_match/3 line 80
2015-07-25 15:54:07.656 [error] <0.200.0> CRASH REPORT Process e_alto_sup with 0 neighbours exited with reason: bad argument in call to erlang:tl(undefined) in inets_regexp:first_match/3 line 80
2015-07-25 15:55:54.164 [error] <0.200.0> gen_server e_alto_sup terminated with reason: bad argument in call to erlang:tl(undefined) in inets_regexp:first_match/3 line 80
2015-07-25 15:55:54.164 [error] <0.200.0> CRASH REPORT Process e_alto_sup with 0 neighbours exited with reason: bad argument in call to erlang:tl(undefined) in inets_regexp:first_match/3 line 80
2015-07-25 15:58:49.062 [error] <0.200.0> gen_server e_alto_sup terminated with reason: {'module could not be loaded',[{costapservices,load_default,[],[]},{erl_eval,do_apply,6,[{file,"erl_eval.erl"},{line,573}]},{shell,exprs,7,[{file,"shell.erl"},{line,674}]},{shell,eval_exprs,7,[{file,"shell.erl"},{line,629}]},{shell,eval_loop,3,[{file,"shell.erl"},{line,614}]}]}
2015-07-25 15:58:49.062 [error] <0.200.0> CRASH REPORT Process e_alto_sup with 0 neighbours exited with reason: call to undefined function costapservices:load_default() in gen_server:terminate/6 line 744
2015-07-25 15:59:49.322 [error] <0.200.0> gen_server e_alto_sup terminated with reason: bad argument in call to erlang:tl(undefined) in inets_regexp:first_match/3 line 80
2015-07-25 15:59:49.322 [error] <0.200.0> CRASH REPORT Process e_alto_sup with 0 neighbours exited with reason: bad argument in call to erlang:tl(undefined) in inets_regexp:first_match/3 line 80
2015-07-25 16:04:52.719 [error] <0.200.0> gen_server e_alto_sup terminated with reason: {no_path,<<"resource">>} in ej:set0/4 line 245
2015-07-25 16:04:52.719 [error] <0.200.0> CRASH REPORT Process e_alto_sup with 0 neighbours exited with reason: {no_path,<<"resource">>} in ej:set0/4 line 245 in gen_server:terminate/6 line 744
2015-07-25 16:09:05.765 [error] <0.202.0> gen_server e_alto_sup terminated with reason: {no_path,<<"cost-types">>} in ej:set0/4 line 245
2015-07-25 16:09:05.765 [error] <0.202.0> CRASH REPORT Process e_alto_sup with 0 neighbours exited with reason: {no_path,<<"cost-types">>} in ej:set0/4 line 245 in gen_server:terminate/6 line 744
2015-07-25 16:15:14.613 [error] <0.200.0> gen_server e_alto_sup terminated with reason: bad argument in call to erlang:tl(undefined) in inets_regexp:first_match/3 line 80
2015-07-25 16:15:14.614 [error] <0.200.0> CRASH REPORT Process e_alto_sup with 0 neighbours exited with reason: bad argument in call to erlang:tl(undefined) in inets_regexp:first_match/3 line 80
2015-07-25 16:22:47.508 [error] <0.200.0> gen_server e_alto_sup terminated with reason: bad argument in call to erlang:'++'({<<"numerical-routingcost">>,"\"numerical-routingcost\" : {\n\t\t\"uri\" : \"http://localhost/costmaps/1..."}, "}") in costmapservices:store_costmap/2 line 125
2015-07-25 16:22:47.508 [error] <0.200.0> CRASH REPORT Process e_alto_sup with 0 neighbours exited with reason: bad argument in call to erlang:'++'({<<"numerical-routingcost">>,"\"numerical-routingcost\" : {\n\t\t\"uri\" : \"http://localhost/costmaps/1..."}, "}") in costmapservices:store_costmap/2 line 125
2015-07-25 16:26:33.518 [error] <0.200.0> gen_server e_alto_sup terminated with reason: no match of right hand value {colon,{decoder,null,25,1,26,trim}} in mochijson2:json_decode/2 line 340
2015-07-25 16:26:33.518 [error] <0.200.0> CRASH REPORT Process e_alto_sup with 0 neighbours exited with reason: no match of right hand value {colon,{decoder,null,25,1,26,trim}} in mochijson2:json_decode/2 line 340 in gen_server:terminate/6 line 744
2015-07-27 19:22:04.516 [error] <0.203.0> gen_server e_alto_sup terminated with reason: bad argument in call to ets:match_object(uritable, '_') in ets:tab2list/1 line 667
2015-07-27 19:22:04.517 [error] <0.203.0> CRASH REPORT Process e_alto_sup with 0 neighbours exited with reason: bad argument in call to ets:match_object(uritable, '_') in ets:tab2list/1 line 667
